#-----------------------------------------------------------
# Vivado v2018.2 (64-bit)
# SW Build 2258646 on Thu Jun 14 20:03:12 MDT 2018
# IP Build 2256618 on Thu Jun 14 22:10:49 MDT 2018
# Start of session at: Sun Dec 23 16:16:46 2018
# Process ID: 3044
# Current directory: C:/Users/MUSAB/Desktop/DigitalProject
# Command line: vivado.exe -gui_launcher_event rodinguilauncherevent4500 C:\Users\MUSAB\Desktop\DigitalProject\DigitalProject.xpr
# Log file: C:/Users/MUSAB/Desktop/DigitalProject/vivado.log
# Journal file: C:/Users/MUSAB/Desktop/DigitalProject\vivado.jou
#-----------------------------------------------------------
start_gui
open_project C:/Users/MUSAB/Desktop/DigitalProject/DigitalProject.xpr
INFO: [Project 1-313] Project file moved from 'C:/Users/FatihPC/Desktop/DigitalProject' since last save.
Scanning sources...
Finished scanning sources
INFO: [IP_Flow 19-234] Refreshing IP repositories
INFO: [IP_Flow 19-1704] No user IP repositories specified
INFO: [IP_Flow 19-2313] Loaded Vivado IP repository 'D:/Xilinx/Vivado/2018.2/data/ip'.
open_project: Time (s): cpu = 00:00:13 ; elapsed = 00:00:06 . Memory (MB): peak = 905.980 ; gain = 165.547
update_compile_order -fileset sources_1
exit
INFO: [Common 17-206] Exiting Vivado at Sun Dec 23 16:17:14 2018...
